\BOOKMARK [0][]{chapter.1}{1 Introduction}{}% 1
\BOOKMARK [1][-]{section.1.1}{1.1 Motivation}{chapter.1}% 2
\BOOKMARK [1][-]{section.1.2}{1.2 Analysis vs simulation}{chapter.1}% 3
\BOOKMARK [1][-]{section.1.3}{1.3 Basic approaches}{chapter.1}% 4
\BOOKMARK [1][-]{section.1.4}{1.4 What the paper is about}{chapter.1}% 5
\BOOKMARK [0][]{chapter.2}{2 Preliminaries}{}% 6
\BOOKMARK [1][-]{section.2.1}{2.1 Overview}{chapter.2}% 7
\BOOKMARK [1][-]{section.2.2}{2.2 How to instruct computers}{chapter.2}% 8
\BOOKMARK [0][]{chapter.3}{3 Introduction of language}{}% 9
\BOOKMARK [1][-]{section.3.1}{3.1 On languages and grammars}{chapter.3}% 10
\BOOKMARK [2][-]{subsection.3.1.1}{3.1.1 Definitions}{section.3.1}% 11
\BOOKMARK [2][-]{subsection.3.1.2}{3.1.2 Ambuigity, Associativity, Precedence}{section.3.1}% 12
\BOOKMARK [2][-]{subsection.3.1.3}{3.1.3 The problem with left recursion}{section.3.1}% 13
\BOOKMARK [2][-]{subsection.3.1.4}{3.1.4 Construction of an LL\(1\) parser table}{section.3.1}% 14
\BOOKMARK [1][-]{section.3.2}{3.2 Core language}{chapter.3}% 15
\BOOKMARK [2][-]{subsection.3.2.1}{3.2.1 Commands}{section.3.2}% 16
\BOOKMARK [2][-]{subsection.3.2.2}{3.2.2 Numerical expressions}{section.3.2}% 17
\BOOKMARK [2][-]{subsection.3.2.3}{3.2.3 Boolean expressions}{section.3.2}% 18
\BOOKMARK [1][-]{section.3.3}{3.3 Semantics}{chapter.3}% 19
\BOOKMARK [1][-]{section.3.4}{3.4 Semantic tree}{chapter.3}% 20
\BOOKMARK [0][]{chapter.4}{4 How to prove}{}% 21
\BOOKMARK [1][-]{section.4.1}{4.1 From operational semantics}{chapter.4}% 22
\BOOKMARK [1][-]{section.4.2}{4.2 Transition to Hoare calculus}{chapter.4}% 23
\BOOKMARK [1][-]{section.4.3}{4.3 Challenges}{chapter.4}% 24
\BOOKMARK [2][-]{subsection.4.3.1}{4.3.1 Finding invariants}{section.4.3}% 25
\BOOKMARK [2][-]{subsection.4.3.2}{4.3.2 Resolving implications}{section.4.3}% 26
\BOOKMARK [0][]{chapter.5}{5 Implementation}{}% 27
\BOOKMARK [1][-]{section.5.1}{5.1 Java, Surface}{chapter.5}% 28
\BOOKMARK [1][-]{section.5.2}{5.2 Grammar, Lexer, parser}{chapter.5}% 29
\BOOKMARK [2][-]{subsection.5.2.1}{5.2.1 First, follow}{section.5.2}% 30
\BOOKMARK [1][-]{section.5.3}{5.3 Hoare}{chapter.5}% 31
\BOOKMARK [1][-]{section.5.4}{5.4 Exception handling}{chapter.5}% 32
\BOOKMARK [1][-]{section.5.5}{5.5 GUI}{chapter.5}% 33
\BOOKMARK [2][-]{subsection.5.5.1}{5.5.1 Editor}{section.5.5}% 34
\BOOKMARK [2][-]{subsection.5.5.2}{5.5.2 Display of tokens/syntax tree}{section.5.5}% 35
\BOOKMARK [2][-]{subsection.5.5.3}{5.5.3 Syntax chart with Hoare decoration}{section.5.5}% 36
\BOOKMARK [0][]{chapter.6}{6 Fazit}{}% 37
\BOOKMARK [1][-]{section.6.1}{6.1 Summerization}{chapter.6}% 38
\BOOKMARK [1][-]{section.6.2}{6.2 Remaining problems}{chapter.6}% 39
\BOOKMARK [1][-]{section.6.3}{6.3 Extendabilities}{chapter.6}% 40
\BOOKMARK [0][]{appendix.A}{A First, Follow, Parser Table listings}{}% 41
\BOOKMARK [0][]{appendix.B}{B Lexer, Parser listings}{}% 42
\BOOKMARK [0][]{appendix.C}{C Hoare listing}{}% 43
\BOOKMARK [0][]{appendix.D}{D Grammmar for while programs}{}% 44
\BOOKMARK [0][]{appendix.E}{E Grammar for Hoare-decorated while programs}{}% 45
