\BOOKMARK [0][]{chapter.1}{1 Introduction}{}% 1
\BOOKMARK [1][-]{section.1.1}{1.1 Motivation}{chapter.1}% 2
\BOOKMARK [1][-]{section.1.2}{1.2 Analysis vs simulation}{chapter.1}% 3
\BOOKMARK [1][-]{section.1.3}{1.3 Basic approaches}{chapter.1}% 4
\BOOKMARK [1][-]{section.1.4}{1.4 What the paper is about}{chapter.1}% 5
\BOOKMARK [0][]{chapter.2}{2 Preliminaries}{}% 6
\BOOKMARK [1][-]{section.2.1}{2.1 Overview}{chapter.2}% 7
\BOOKMARK [1][-]{section.2.2}{2.2 How to instruct computers}{chapter.2}% 8
\BOOKMARK [1][-]{section.2.3}{2.3 On languages and grammars}{chapter.2}% 9
\BOOKMARK [2][-]{subsection.2.3.1}{2.3.1 Ambuigity, Associativity, Precedence}{section.2.3}% 10
\BOOKMARK [2][-]{subsection.2.3.2}{2.3.2 The problem with left recursion}{section.2.3}% 11
\BOOKMARK [1][-]{section.2.4}{2.4 Core language}{chapter.2}% 12
\BOOKMARK [1][-]{section.2.5}{2.5 Semantics}{chapter.2}% 13
\BOOKMARK [0][]{chapter.3}{3 How to prove}{}% 14
\BOOKMARK [1][-]{section.3.1}{3.1 From operational semantics}{chapter.3}% 15
\BOOKMARK [1][-]{section.3.2}{3.2 Transition to Hoare calculus}{chapter.3}% 16
\BOOKMARK [1][-]{section.3.3}{3.3 Challenges}{chapter.3}% 17
\BOOKMARK [2][-]{subsection.3.3.1}{3.3.1 Finding invariants}{section.3.3}% 18
\BOOKMARK [2][-]{subsection.3.3.2}{3.3.2 Resolving implications}{section.3.3}% 19
\BOOKMARK [1][-]{section.3.4}{3.4 Outlook on parallelism}{chapter.3}% 20
\BOOKMARK [0][]{chapter.4}{4 Implementation}{}% 21
\BOOKMARK [1][-]{section.4.1}{4.1 Java}{chapter.4}% 22
\BOOKMARK [1][-]{section.4.2}{4.2 Lexer, parser}{chapter.4}% 23
\BOOKMARK [1][-]{section.4.3}{4.3 Hoare}{chapter.4}% 24
\BOOKMARK [1][-]{section.4.4}{4.4 Exception handling}{chapter.4}% 25
\BOOKMARK [1][-]{section.4.5}{4.5 GUI}{chapter.4}% 26
\BOOKMARK [2][-]{subsection.4.5.1}{4.5.1 Editor}{section.4.5}% 27
\BOOKMARK [2][-]{subsection.4.5.2}{4.5.2 Display of tokens/syntax tree}{section.4.5}% 28
\BOOKMARK [2][-]{subsection.4.5.3}{4.5.3 Syntax chart with Hoare decoration}{section.4.5}% 29
\BOOKMARK [0][]{chapter.5}{5 Excursions}{}% 30
\BOOKMARK [1][-]{section.5.1}{5.1 Shape analysis}{chapter.5}% 31
\BOOKMARK [1][-]{section.5.2}{5.2 Model checking}{chapter.5}% 32
\BOOKMARK [1][-]{section.5.3}{5.3 Alternative logics}{chapter.5}% 33
\BOOKMARK [0][]{chapter.6}{6 Fazit}{}% 34
\BOOKMARK [1][-]{section.6.1}{6.1 Summerization}{chapter.6}% 35
\BOOKMARK [1][-]{section.6.2}{6.2 Remaining problems}{chapter.6}% 36
\BOOKMARK [1][-]{section.6.3}{6.3 Extendabilities}{chapter.6}% 37
\BOOKMARK [0][]{chapter.7}{7 References}{}% 38
